Updating 229d8ae..79944a7
Microsoft (R) Build Engine version 4.0.30319.18408
[Microsoft .NET Framework, version 4.0.30319.18444]
Copyright (C) Microsoft Corporation. All rights reserved.

MSBUILD : error MSB1009: Project file does not exist.
Switch: USC.GISResearchLab.ArcCASPER.sln
Microsoft (R) Build Engine version 4.0.30319.18408
[Microsoft .NET Framework, version 4.0.30319.18444]
Copyright (C) Microsoft Corporation. All rights reserved.

MSBUILD : error MSB1009: Project file does not exist.
Switch: USC.GISResearchLab.ArcCASPER.sln

7-Zip [64] 9.22 beta  Copyright (c) 1999-2011 Igor Pavlov  2011-04-18


Error:
Cannot find listfile
Some of the files are not present
M	src/EvcSolver.Method.cpp
M	src/EvcSolver.vcxproj
M	src/EvcSolver.vcxproj.filters
M	src/EvcSolver.vcxproj.user
M	src/stdafx.h
Your branch is behind 'origin/master' by 7 commits, and can be fast-forwarded.
Updating 229d8ae..79944a7
Microsoft (R) Build Engine version 4.0.30319.18408
[Microsoft .NET Framework, version 4.0.30319.18444]
Copyright (C) Microsoft Corporation. All rights reserved.

MSBUILD : error MSB1009: Project file does not exist.
Switch: USC.GISResearchLab.ArcCASPER.sln
Microsoft (R) Build Engine version 4.0.30319.18408
[Microsoft .NET Framework, version 4.0.30319.18444]
Copyright (C) Microsoft Corporation. All rights reserved.

MSBUILD : error MSB1009: Project file does not exist.
Switch: USC.GISResearchLab.ArcCASPER.sln

7-Zip [64] 9.22 beta  Copyright (c) 1999-2011 Igor Pavlov  2011-04-18


Error:
Cannot find listfile
Some of the files are not present
